0 info it worked if it ends with ok
1 verbose cli [ 'e:\\Program Files\\nodejs\\node.exe',
1 verbose cli   'e:\\Program Files\\nodejs\\node_modules\\npm\\bin\\npm-cli.js',
1 verbose cli   'update' ]
2 info using npm@2.14.7
3 info using node@v4.2.2
4 silly mapToRegistry name body-parser
5 silly mapToRegistry using default registry
6 silly mapToRegistry registry https://registry.npmjs.org/
7 silly mapToRegistry uri https://registry.npmjs.org/body-parser
8 silly mapToRegistry name cookie-parser
9 silly mapToRegistry using default registry
10 silly mapToRegistry registry https://registry.npmjs.org/
11 silly mapToRegistry uri https://registry.npmjs.org/cookie-parser
12 silly mapToRegistry name debug
13 silly mapToRegistry using default registry
14 silly mapToRegistry registry https://registry.npmjs.org/
15 silly mapToRegistry uri https://registry.npmjs.org/debug
16 silly mapToRegistry name ejs
17 silly mapToRegistry using default registry
18 silly mapToRegistry registry https://registry.npmjs.org/
19 silly mapToRegistry uri https://registry.npmjs.org/ejs
20 silly mapToRegistry name express
21 silly mapToRegistry using default registry
22 silly mapToRegistry registry https://registry.npmjs.org/
23 silly mapToRegistry uri https://registry.npmjs.org/express
24 silly mapToRegistry name morgan
25 silly mapToRegistry using default registry
26 silly mapToRegistry registry https://registry.npmjs.org/
27 silly mapToRegistry uri https://registry.npmjs.org/morgan
28 silly mapToRegistry name serve-favicon
29 silly mapToRegistry using default registry
30 silly mapToRegistry registry https://registry.npmjs.org/
31 silly mapToRegistry uri https://registry.npmjs.org/serve-favicon
32 silly mapToRegistry name grunt
33 silly mapToRegistry using default registry
34 silly mapToRegistry registry https://registry.npmjs.org/
35 silly mapToRegistry uri https://registry.npmjs.org/grunt
36 silly mapToRegistry name mysql
37 silly mapToRegistry using default registry
38 silly mapToRegistry registry https://registry.npmjs.org/
39 silly mapToRegistry uri https://registry.npmjs.org/mysql
40 silly mapToRegistry name Url
41 silly mapToRegistry using default registry
42 silly mapToRegistry registry https://registry.npmjs.org/
43 silly mapToRegistry uri https://registry.npmjs.org/Url
44 silly mapToRegistry name QueryString
45 silly mapToRegistry using default registry
46 silly mapToRegistry registry https://registry.npmjs.org/
47 silly mapToRegistry uri https://registry.npmjs.org/QueryString
48 silly mapToRegistry name domain
49 silly mapToRegistry using default registry
50 silly mapToRegistry registry https://registry.npmjs.org/
51 silly mapToRegistry uri https://registry.npmjs.org/domain
52 silly mapToRegistry name child_process
53 silly mapToRegistry using default registry
54 silly mapToRegistry registry https://registry.npmjs.org/
55 silly mapToRegistry uri https://registry.npmjs.org/child_process
56 verbose request uri https://registry.npmjs.org/child_process
57 verbose request no auth needed
58 info attempt registry request try #1 at 14:38:00
59 verbose request id 343d9d84abe4cd81
60 http request GET https://registry.npmjs.org/child_process
61 verbose request uri https://registry.npmjs.org/debug
62 verbose request no auth needed
63 info attempt registry request try #1 at 14:38:00
64 verbose etag "ERQ5LK33RLD6D09OJOUBD42T8"
65 http request GET https://registry.npmjs.org/debug
66 verbose request uri https://registry.npmjs.org/cookie-parser
67 verbose request no auth needed
68 info attempt registry request try #1 at 14:38:00
69 verbose etag "3B19VUZZP8RK4MY4JWOBU0CYH"
70 http request GET https://registry.npmjs.org/cookie-parser
71 verbose request uri https://registry.npmjs.org/ejs
72 verbose request no auth needed
73 info attempt registry request try #1 at 14:38:00
74 verbose etag "CJ7KFYGH2AG6JOZ0RCT7CLRPM"
75 http request GET https://registry.npmjs.org/ejs
76 verbose request uri https://registry.npmjs.org/morgan
77 verbose request no auth needed
78 info attempt registry request try #1 at 14:38:00
79 verbose etag "1X44FU12DWOEZDFCTOT690TUZ"
80 http request GET https://registry.npmjs.org/morgan
81 verbose request uri https://registry.npmjs.org/body-parser
82 verbose request no auth needed
83 info attempt registry request try #1 at 14:38:00
84 verbose etag "9LY454PR1P4H3XUHQ6ZRDU0ZU"
85 http request GET https://registry.npmjs.org/body-parser
86 verbose request uri https://registry.npmjs.org/serve-favicon
87 verbose request no auth needed
88 info attempt registry request try #1 at 14:38:00
89 verbose etag "2JR1VRSB90S7X148M9UFOCAOT"
90 http request GET https://registry.npmjs.org/serve-favicon
91 verbose request uri https://registry.npmjs.org/express
92 verbose request no auth needed
93 info attempt registry request try #1 at 14:38:00
94 verbose etag "88MWETD9T1UX7B6G6C2DRDKG3"
95 http request GET https://registry.npmjs.org/express
96 verbose request uri https://registry.npmjs.org/grunt
97 verbose request no auth needed
98 info attempt registry request try #1 at 14:38:00
99 verbose etag "DAH3OTUA6RHXM4N4T2CL9YLIQ"
100 http request GET https://registry.npmjs.org/grunt
101 verbose request uri https://registry.npmjs.org/Url
102 verbose request no auth needed
103 info attempt registry request try #1 at 14:38:00
104 verbose etag "6J99KXRUFCAHV54ISWIC0C1O0"
105 http request GET https://registry.npmjs.org/Url
106 verbose request uri https://registry.npmjs.org/QueryString
107 verbose request no auth needed
108 info attempt registry request try #1 at 14:38:00
109 verbose etag "48557ZWE8CY6ECFZK3MF1FZY3"
110 http request GET https://registry.npmjs.org/QueryString
111 verbose request uri https://registry.npmjs.org/mysql
112 verbose request no auth needed
113 info attempt registry request try #1 at 14:38:00
114 verbose etag "27ID9DD8U313TE78DUW2W4IXR"
115 http request GET https://registry.npmjs.org/mysql
116 verbose request uri https://registry.npmjs.org/domain
117 verbose request no auth needed
118 info attempt registry request try #1 at 14:38:00
119 verbose etag "1VYC8VA1WTVA1ULAVE57CXTXT"
120 http request GET https://registry.npmjs.org/domain
121 http 304 https://registry.npmjs.org/serve-favicon
122 verbose headers { date: 'Mon, 07 Mar 2016 06:41:12 GMT',
122 verbose headers   via: '1.1 varnish',
122 verbose headers   'cache-control': 'max-age=300',
122 verbose headers   etag: '"2JR1VRSB90S7X148M9UFOCAOT"',
122 verbose headers   age: '15',
122 verbose headers   connection: 'keep-alive',
122 verbose headers   'x-served-by': 'cache-lax1435-LAX',
122 verbose headers   'x-cache': 'HIT',
122 verbose headers   'x-cache-hits': '1',
122 verbose headers   'x-timer': 'S1457332872.261069,VS0,VE0',
122 verbose headers   vary: 'Accept' }
123 silly get cb [ 304,
123 silly get   { date: 'Mon, 07 Mar 2016 06:41:12 GMT',
123 silly get     via: '1.1 varnish',
123 silly get     'cache-control': 'max-age=300',
123 silly get     etag: '"2JR1VRSB90S7X148M9UFOCAOT"',
123 silly get     age: '15',
123 silly get     connection: 'keep-alive',
123 silly get     'x-served-by': 'cache-lax1435-LAX',
123 silly get     'x-cache': 'HIT',
123 silly get     'x-cache-hits': '1',
123 silly get     'x-timer': 'S1457332872.261069,VS0,VE0',
123 silly get     vary: 'Accept' } ]
124 verbose etag https://registry.npmjs.org/serve-favicon from cache
125 verbose get saving serve-favicon to C:\Users\Administrator\AppData\Roaming\npm-cache\registry.npmjs.org\serve-favicon\.cache.json
126 http 304 https://registry.npmjs.org/express
127 verbose headers { date: 'Mon, 07 Mar 2016 06:41:12 GMT',
127 verbose headers   via: '1.1 varnish',
127 verbose headers   'cache-control': 'max-age=300',
127 verbose headers   etag: '"88MWETD9T1UX7B6G6C2DRDKG3"',
127 verbose headers   age: '2',
127 verbose headers   connection: 'keep-alive',
127 verbose headers   'x-served-by': 'cache-lax1423-LAX',
127 verbose headers   'x-cache': 'HIT',
127 verbose headers   'x-cache-hits': '2',
127 verbose headers   'x-timer': 'S1457332872.270075,VS0,VE0',
127 verbose headers   vary: 'Accept' }
128 silly get cb [ 304,
128 silly get   { date: 'Mon, 07 Mar 2016 06:41:12 GMT',
128 silly get     via: '1.1 varnish',
128 silly get     'cache-control': 'max-age=300',
128 silly get     etag: '"88MWETD9T1UX7B6G6C2DRDKG3"',
128 silly get     age: '2',
128 silly get     connection: 'keep-alive',
128 silly get     'x-served-by': 'cache-lax1423-LAX',
128 silly get     'x-cache': 'HIT',
128 silly get     'x-cache-hits': '2',
128 silly get     'x-timer': 'S1457332872.270075,VS0,VE0',
128 silly get     vary: 'Accept' } ]
129 verbose etag https://registry.npmjs.org/express from cache
130 verbose get saving express to C:\Users\Administrator\AppData\Roaming\npm-cache\registry.npmjs.org\express\.cache.json
131 http 304 https://registry.npmjs.org/mysql
132 verbose headers { date: 'Mon, 07 Mar 2016 06:41:12 GMT',
132 verbose headers   via: '1.1 varnish',
132 verbose headers   'cache-control': 'max-age=300',
132 verbose headers   etag: '"27ID9DD8U313TE78DUW2W4IXR"',
132 verbose headers   age: '234',
132 verbose headers   connection: 'keep-alive',
132 verbose headers   'x-served-by': 'cache-lax1426-LAX',
132 verbose headers   'x-cache': 'HIT',
132 verbose headers   'x-cache-hits': '1',
132 verbose headers   'x-timer': 'S1457332872.276765,VS0,VE1',
132 verbose headers   vary: 'Accept' }
133 silly get cb [ 304,
133 silly get   { date: 'Mon, 07 Mar 2016 06:41:12 GMT',
133 silly get     via: '1.1 varnish',
133 silly get     'cache-control': 'max-age=300',
133 silly get     etag: '"27ID9DD8U313TE78DUW2W4IXR"',
133 silly get     age: '234',
133 silly get     connection: 'keep-alive',
133 silly get     'x-served-by': 'cache-lax1426-LAX',
133 silly get     'x-cache': 'HIT',
133 silly get     'x-cache-hits': '1',
133 silly get     'x-timer': 'S1457332872.276765,VS0,VE1',
133 silly get     vary: 'Accept' } ]
134 verbose etag https://registry.npmjs.org/mysql from cache
135 verbose get saving mysql to C:\Users\Administrator\AppData\Roaming\npm-cache\registry.npmjs.org\mysql\.cache.json
136 http 304 https://registry.npmjs.org/grunt
137 verbose headers { date: 'Mon, 07 Mar 2016 06:41:12 GMT',
137 verbose headers   via: '1.1 varnish',
137 verbose headers   'cache-control': 'max-age=300',
137 verbose headers   etag: '"DAH3OTUA6RHXM4N4T2CL9YLIQ"',
137 verbose headers   age: '152',
137 verbose headers   connection: 'keep-alive',
137 verbose headers   'x-served-by': 'cache-lax1434-LAX',
137 verbose headers   'x-cache': 'HIT',
137 verbose headers   'x-cache-hits': '1',
137 verbose headers   'x-timer': 'S1457332872.280132,VS0,VE0',
137 verbose headers   vary: 'Accept' }
138 silly get cb [ 304,
138 silly get   { date: 'Mon, 07 Mar 2016 06:41:12 GMT',
138 silly get     via: '1.1 varnish',
138 silly get     'cache-control': 'max-age=300',
138 silly get     etag: '"DAH3OTUA6RHXM4N4T2CL9YLIQ"',
138 silly get     age: '152',
138 silly get     connection: 'keep-alive',
138 silly get     'x-served-by': 'cache-lax1434-LAX',
138 silly get     'x-cache': 'HIT',
138 silly get     'x-cache-hits': '1',
138 silly get     'x-timer': 'S1457332872.280132,VS0,VE0',
138 silly get     vary: 'Accept' } ]
139 verbose etag https://registry.npmjs.org/grunt from cache
140 verbose get saving grunt to C:\Users\Administrator\AppData\Roaming\npm-cache\registry.npmjs.org\grunt\.cache.json
141 http 304 https://registry.npmjs.org/morgan
142 verbose headers { date: 'Mon, 07 Mar 2016 06:41:12 GMT',
142 verbose headers   via: '1.1 varnish',
142 verbose headers   'cache-control': 'max-age=300',
142 verbose headers   etag: '"1X44FU12DWOEZDFCTOT690TUZ"',
142 verbose headers   age: '265',
142 verbose headers   connection: 'keep-alive',
142 verbose headers   'x-served-by': 'cache-lax1420-LAX',
142 verbose headers   'x-cache': 'HIT',
142 verbose headers   'x-cache-hits': '1',
142 verbose headers   'x-timer': 'S1457332872.290721,VS0,VE0',
142 verbose headers   vary: 'Accept' }
143 silly get cb [ 304,
143 silly get   { date: 'Mon, 07 Mar 2016 06:41:12 GMT',
143 silly get     via: '1.1 varnish',
143 silly get     'cache-control': 'max-age=300',
143 silly get     etag: '"1X44FU12DWOEZDFCTOT690TUZ"',
143 silly get     age: '265',
143 silly get     connection: 'keep-alive',
143 silly get     'x-served-by': 'cache-lax1420-LAX',
143 silly get     'x-cache': 'HIT',
143 silly get     'x-cache-hits': '1',
143 silly get     'x-timer': 'S1457332872.290721,VS0,VE0',
143 silly get     vary: 'Accept' } ]
144 verbose etag https://registry.npmjs.org/morgan from cache
145 verbose get saving morgan to C:\Users\Administrator\AppData\Roaming\npm-cache\registry.npmjs.org\morgan\.cache.json
146 http 404 https://registry.npmjs.org/Url
147 verbose headers { 'content-type': 'application/json',
147 verbose headers   'cache-control': 'max-age=0',
147 verbose headers   'content-length': '2',
147 verbose headers   'accept-ranges': 'bytes',
147 verbose headers   date: 'Mon, 07 Mar 2016 06:41:12 GMT',
147 verbose headers   via: '1.1 varnish',
147 verbose headers   age: '0',
147 verbose headers   connection: 'keep-alive',
147 verbose headers   'x-served-by': 'cache-lax1430-LAX',
147 verbose headers   'x-cache': 'MISS',
147 verbose headers   'x-cache-hits': '0',
147 verbose headers   'x-timer': 'S1457332872.265720,VS0,VE50' }
148 silly get cb [ 304, undefined ]
149 verbose etag https://registry.npmjs.org/Url from cache
150 verbose get saving url to C:\Users\Administrator\AppData\Roaming\npm-cache\registry.npmjs.org\Url\.cache.json
151 http 304 https://registry.npmjs.org/domain
152 verbose headers { date: 'Mon, 07 Mar 2016 06:41:12 GMT',
152 verbose headers   via: '1.1 varnish',
152 verbose headers   'cache-control': 'max-age=300',
152 verbose headers   etag: '"1VYC8VA1WTVA1ULAVE57CXTXT"',
152 verbose headers   age: '0',
152 verbose headers   connection: 'keep-alive',
152 verbose headers   'x-served-by': 'cache-lax1427-LAX',
152 verbose headers   'x-cache': 'MISS',
152 verbose headers   'x-cache-hits': '0',
152 verbose headers   'x-timer': 'S1457332872.285429,VS0,VE51',
152 verbose headers   vary: 'Accept' }
153 silly get cb [ 304,
153 silly get   { date: 'Mon, 07 Mar 2016 06:41:12 GMT',
153 silly get     via: '1.1 varnish',
153 silly get     'cache-control': 'max-age=300',
153 silly get     etag: '"1VYC8VA1WTVA1ULAVE57CXTXT"',
153 silly get     age: '0',
153 silly get     connection: 'keep-alive',
153 silly get     'x-served-by': 'cache-lax1427-LAX',
153 silly get     'x-cache': 'MISS',
153 silly get     'x-cache-hits': '0',
153 silly get     'x-timer': 'S1457332872.285429,VS0,VE51',
153 silly get     vary: 'Accept' } ]
154 verbose etag https://registry.npmjs.org/domain from cache
155 verbose get saving domain to C:\Users\Administrator\AppData\Roaming\npm-cache\registry.npmjs.org\domain\.cache.json
156 http 404 https://registry.npmjs.org/QueryString
157 verbose headers { 'content-type': 'application/json',
157 verbose headers   'cache-control': 'max-age=0',
157 verbose headers   'content-length': '2',
157 verbose headers   'accept-ranges': 'bytes',
157 verbose headers   date: 'Mon, 07 Mar 2016 06:41:12 GMT',
157 verbose headers   via: '1.1 varnish',
157 verbose headers   age: '0',
157 verbose headers   connection: 'keep-alive',
157 verbose headers   'x-served-by': 'cache-lax1433-LAX',
157 verbose headers   'x-cache': 'MISS',
157 verbose headers   'x-cache-hits': '0',
157 verbose headers   'x-timer': 'S1457332872.283798,VS0,VE91' }
158 silly get cb [ 304, undefined ]
159 verbose etag https://registry.npmjs.org/QueryString from cache
160 verbose get saving querystring to C:\Users\Administrator\AppData\Roaming\npm-cache\registry.npmjs.org\QueryString\.cache.json
161 http 304 https://registry.npmjs.org/cookie-parser
162 verbose headers { date: 'Mon, 07 Mar 2016 06:41:12 GMT',
162 verbose headers   via: '1.1 varnish',
162 verbose headers   'cache-control': 'max-age=300',
162 verbose headers   etag: '"3B19VUZZP8RK4MY4JWOBU0CYH"',
162 verbose headers   age: '175',
162 verbose headers   connection: 'keep-alive',
162 verbose headers   'x-served-by': 'cache-dfw1833-DFW',
162 verbose headers   'x-cache': 'HIT',
162 verbose headers   'x-cache-hits': '1',
162 verbose headers   'x-timer': 'S1457332872.380909,VS0,VE0',
162 verbose headers   vary: 'Accept' }
163 silly get cb [ 304,
163 silly get   { date: 'Mon, 07 Mar 2016 06:41:12 GMT',
163 silly get     via: '1.1 varnish',
163 silly get     'cache-control': 'max-age=300',
163 silly get     etag: '"3B19VUZZP8RK4MY4JWOBU0CYH"',
163 silly get     age: '175',
163 silly get     connection: 'keep-alive',
163 silly get     'x-served-by': 'cache-dfw1833-DFW',
163 silly get     'x-cache': 'HIT',
163 silly get     'x-cache-hits': '1',
163 silly get     'x-timer': 'S1457332872.380909,VS0,VE0',
163 silly get     vary: 'Accept' } ]
164 verbose etag https://registry.npmjs.org/cookie-parser from cache
165 verbose get saving cookie-parser to C:\Users\Administrator\AppData\Roaming\npm-cache\registry.npmjs.org\cookie-parser\.cache.json
166 http 304 https://registry.npmjs.org/debug
167 verbose headers { date: 'Mon, 07 Mar 2016 06:41:12 GMT',
167 verbose headers   via: '1.1 varnish',
167 verbose headers   'cache-control': 'max-age=300',
167 verbose headers   etag: '"ERQ5LK33RLD6D09OJOUBD42T8"',
167 verbose headers   age: '196',
167 verbose headers   connection: 'keep-alive',
167 verbose headers   'x-served-by': 'cache-dfw1828-DFW',
167 verbose headers   'x-cache': 'HIT',
167 verbose headers   'x-cache-hits': '6',
167 verbose headers   'x-timer': 'S1457332872.384308,VS0,VE0',
167 verbose headers   vary: 'Accept' }
168 silly get cb [ 304,
168 silly get   { date: 'Mon, 07 Mar 2016 06:41:12 GMT',
168 silly get     via: '1.1 varnish',
168 silly get     'cache-control': 'max-age=300',
168 silly get     etag: '"ERQ5LK33RLD6D09OJOUBD42T8"',
168 silly get     age: '196',
168 silly get     connection: 'keep-alive',
168 silly get     'x-served-by': 'cache-dfw1828-DFW',
168 silly get     'x-cache': 'HIT',
168 silly get     'x-cache-hits': '6',
168 silly get     'x-timer': 'S1457332872.384308,VS0,VE0',
168 silly get     vary: 'Accept' } ]
169 verbose etag https://registry.npmjs.org/debug from cache
170 verbose get saving debug to C:\Users\Administrator\AppData\Roaming\npm-cache\registry.npmjs.org\debug\.cache.json
171 http 200 https://registry.npmjs.org/body-parser
172 verbose headers { server: 'CouchDB/1.5.0 (Erlang OTP/R16B03)',
172 verbose headers   etag: '"1Q7CHY7RL0IMFGLPXJJGOLQJI"',
172 verbose headers   'content-type': 'application/json',
172 verbose headers   'cache-control': 'max-age=300',
172 verbose headers   'content-length': '115504',
172 verbose headers   'accept-ranges': 'bytes',
172 verbose headers   date: 'Mon, 07 Mar 2016 06:41:12 GMT',
172 verbose headers   via: '1.1 varnish',
172 verbose headers   age: '237',
172 verbose headers   connection: 'keep-alive',
172 verbose headers   'x-served-by': 'cache-lax1435-LAX',
172 verbose headers   'x-cache': 'HIT',
172 verbose headers   'x-cache-hits': '3',
172 verbose headers   'x-timer': 'S1457332872.254847,VS0,VE0',
172 verbose headers   vary: 'Accept' }
173 silly get cb [ 200,
173 silly get   { server: 'CouchDB/1.5.0 (Erlang OTP/R16B03)',
173 silly get     etag: '"1Q7CHY7RL0IMFGLPXJJGOLQJI"',
173 silly get     'content-type': 'application/json',
173 silly get     'cache-control': 'max-age=300',
173 silly get     'content-length': '115504',
173 silly get     'accept-ranges': 'bytes',
173 silly get     date: 'Mon, 07 Mar 2016 06:41:12 GMT',
173 silly get     via: '1.1 varnish',
173 silly get     age: '237',
173 silly get     connection: 'keep-alive',
173 silly get     'x-served-by': 'cache-lax1435-LAX',
173 silly get     'x-cache': 'HIT',
173 silly get     'x-cache-hits': '3',
173 silly get     'x-timer': 'S1457332872.254847,VS0,VE0',
173 silly get     vary: 'Accept' } ]
174 verbose get saving body-parser to C:\Users\Administrator\AppData\Roaming\npm-cache\registry.npmjs.org\body-parser\.cache.json
175 http 304 https://registry.npmjs.org/ejs
176 verbose headers { date: 'Mon, 07 Mar 2016 06:41:15 GMT',
176 verbose headers   via: '1.1 varnish',
176 verbose headers   'cache-control': 'max-age=300',
176 verbose headers   etag: '"CJ7KFYGH2AG6JOZ0RCT7CLRPM"',
176 verbose headers   age: '297',
176 verbose headers   connection: 'keep-alive',
176 verbose headers   'x-served-by': 'cache-ams4127-AMS',
176 verbose headers   'x-cache': 'HIT',
176 verbose headers   'x-cache-hits': '1',
176 verbose headers   'x-timer': 'S1457332875.228272,VS0,VE0',
176 verbose headers   vary: 'Accept' }
177 silly get cb [ 304,
177 silly get   { date: 'Mon, 07 Mar 2016 06:41:15 GMT',
177 silly get     via: '1.1 varnish',
177 silly get     'cache-control': 'max-age=300',
177 silly get     etag: '"CJ7KFYGH2AG6JOZ0RCT7CLRPM"',
177 silly get     age: '297',
177 silly get     connection: 'keep-alive',
177 silly get     'x-served-by': 'cache-ams4127-AMS',
177 silly get     'x-cache': 'HIT',
177 silly get     'x-cache-hits': '1',
177 silly get     'x-timer': 'S1457332875.228272,VS0,VE0',
177 silly get     vary: 'Accept' } ]
178 verbose etag https://registry.npmjs.org/ejs from cache
179 verbose get saving ejs to C:\Users\Administrator\AppData\Roaming\npm-cache\registry.npmjs.org\ejs\.cache.json
180 http 404 https://registry.npmjs.org/child_process
181 verbose headers { 'content-type': 'application/json',
181 verbose headers   'cache-control': 'max-age=0',
181 verbose headers   'content-length': '2',
181 verbose headers   'accept-ranges': 'bytes',
181 verbose headers   date: 'Mon, 07 Mar 2016 06:41:16 GMT',
181 verbose headers   via: '1.1 varnish',
181 verbose headers   age: '0',
181 verbose headers   connection: 'keep-alive',
181 verbose headers   'x-served-by': 'cache-lax1432-LAX',
181 verbose headers   'x-cache': 'MISS',
181 verbose headers   'x-cache-hits': '0',
181 verbose headers   'x-timer': 'S1457332876.568752,VS0,VE183' }
182 silly get cb [ 404,
182 silly get   { 'content-type': 'application/json',
182 silly get     'cache-control': 'max-age=0',
182 silly get     'content-length': '2',
182 silly get     'accept-ranges': 'bytes',
182 silly get     date: 'Mon, 07 Mar 2016 06:41:16 GMT',
182 silly get     via: '1.1 varnish',
182 silly get     age: '0',
182 silly get     connection: 'keep-alive',
182 silly get     'x-served-by': 'cache-lax1432-LAX',
182 silly get     'x-cache': 'MISS',
182 silly get     'x-cache-hits': '0',
182 silly get     'x-timer': 'S1457332876.568752,VS0,VE183' } ]
183 verbose stack Error: Registry returned 404 for GET on https://registry.npmjs.org/child_process
183 verbose stack     at makeError (e:\Program Files\nodejs\node_modules\npm\node_modules\npm-registry-client\lib\request.js:264:12)
183 verbose stack     at CachingRegistryClient.<anonymous> (e:\Program Files\nodejs\node_modules\npm\node_modules\npm-registry-client\lib\request.js:242:14)
183 verbose stack     at Request._callback (e:\Program Files\nodejs\node_modules\npm\node_modules\npm-registry-client\lib\request.js:172:14)
183 verbose stack     at Request.self.callback (e:\Program Files\nodejs\node_modules\npm\node_modules\request\request.js:198:22)
183 verbose stack     at emitTwo (events.js:87:13)
183 verbose stack     at Request.emit (events.js:172:7)
183 verbose stack     at Request.<anonymous> (e:\Program Files\nodejs\node_modules\npm\node_modules\request\request.js:1063:14)
183 verbose stack     at emitOne (events.js:82:20)
183 verbose stack     at Request.emit (events.js:169:7)
183 verbose stack     at IncomingMessage.<anonymous> (e:\Program Files\nodejs\node_modules\npm\node_modules\request\request.js:1009:12)
184 verbose statusCode 404
185 verbose pkgid child_process
186 verbose cwd E:\Users\Administrator\WebstormProjects\untitled
187 error Windows_NT 6.1.7601
188 error argv "e:\\Program Files\\nodejs\\node.exe" "e:\\Program Files\\nodejs\\node_modules\\npm\\bin\\npm-cli.js" "update"
189 error node v4.2.2
190 error npm  v2.14.7
191 error code E404
192 error 404 Registry returned 404 for GET on https://registry.npmjs.org/child_process
192 error 404
192 error 404 'child_process' is not in the npm registry.
192 error 404 Your package name is not valid, because
192 error 404
192 error 404  1. child_process is a core module name
192 error 404
192 error 404 Note that you can also install from a
192 error 404 tarball, folder, http url, or git url.
193 verbose exit [ 1, true ]
